2026-02-14T10:27:10.911Z [console][error] A tree hydrated but some attributes of the server rendered HTML didn't match the client properties. This won't be patched up. This can happen if a SSR-ed Client Component used:

- A server/client branch `if (typeof window !== 'undefined')`.
- Variable input such as `Date.now()` or `Math.random()` which changes each time it's called.
- Date formatting in a user's locale which doesn't match the server.
- External changing data without sending a snapshot of it along with the HTML.
- Invalid HTML tag nesting.

It can also happen if the client has a browser extension installed which messes with the HTML before React loaded.

%s%s https://react.dev/link/hydration-mismatch 

  ...
    <LoadingBoundary loading={null}>
      <HTTPAccessFallbackBoundary notFound={undefined} forbidden={undefined} unauthorized={undefined}>
        <RedirectBoundary>
          <RedirectErrorBoundary router={{...}}>
            <InnerLayoutRouter url="/it-safety" tree={[...]} cacheNode={{lazyData:null, ...}} segmentPath={[...]}>
              <SegmentViewNode type="page" pagePath="/user/app/...">
                <SegmentTrieNode>
                <ClientPageRoot Component={function ITSafetyPage} searchParams={{}} params={{}}>
                  <ITSafetyPage params={Promise} searchParams={Promise}>
                    <div data-orchids-id="src/app/it..." data-orchids-name="div" className="min-h-scre..." dir="rtl">
                      <header>
                      <main data-orchids-id="src/app/it..." data-orchids-name="main" className="max-w-5xl ...">
                        <PasswordChecker data-orchids-id="src/app/it..." data-orchids-name="PasswordCh...">
                          <div data-orchids-id="src/app/it..." data-orchids-name="div" className="bg-white r...">
                            <div>
                            <div data-orchids-id="src/app/it..." data-orchids-name="div" className="relative mb-4">
                              <input
                                data-orchid...
2026-02-14T10:29:25.484Z [console][error] Failed to fetch RSC payload for https://3000-7663754b-6fda-4c80-ab28-6919f91ef70e.orchids.cloud/it-safety. Falling back to browser navigation. {}
2026-02-14T10:29:26.460Z [console][error] A tree hydrated but some attributes of the server rendered HTML didn't match the client properties. This won't be patched up. This can happen if a SSR-ed Client Component used:

- A server/client branch `if (typeof window !== 'undefined')`.
- Variable input such as `Date.now()` or `Math.random()` which changes each time it's called.
- Date formatting in a user's locale which doesn't match the server.
- External changing data without sending a snapshot of it along with the HTML.
- Invalid HTML tag nesting.

It can also happen if the client has a browser extension installed which messes with the HTML before React loaded.

%s%s https://react.dev/link/hydration-mismatch 

  ...
    <LoadingBoundary loading={null}>
      <HTTPAccessFallbackBoundary notFound={undefined} forbidden={undefined} unauthorized={undefined}>
        <RedirectBoundary>
          <RedirectErrorBoundary router={{...}}>
            <InnerLayoutRouter url="/it-safety" tree={[...]} cacheNode={{lazyData:null, ...}} segmentPath={[...]}>
              <SegmentViewNode type="page" pagePath="/user/app/...">
                <SegmentTrieNode>
                <ClientPageRoot Component={function ITSafetyPage} searchParams={{}} params={{}}>
                  <ITSafetyPage params={Promise} searchParams={Promise}>
                    <div data-orchids-id="src/app/it..." data-orchids-name="div" className="min-h-scre..." dir="rtl">
                      <header>
                      <main data-orchids-id="src/app/it..." data-orchids-name="main" className="max-w-5xl ...">
                        <PasswordChecker data-orchids-id="src/app/it..." data-orchids-name="PasswordCh...">
                          <div data-orchids-id="src/app/it..." data-orchids-name="div" className="bg-white r...">
                            <div>
                            <div data-orchids-id="src/app/it..." data-orchids-name="div" className="relative mb-4">
                              <input
                                data-orchid...
